<?xml version="1.0" encoding="UTF-8"?>
<testsuite xmlns:xsi="http://www.w3.org/2001/XMLSchema-instance" xsi:noNamespaceSchemaLocation="https://maven.apache.org/surefire/maven-surefire-plugin/xsd/surefire-test-report-3.0.xsd" version="3.0" name="com.portal.iam.controller.IamControllerTest" time="18.079" tests="3" errors="0" skipped="0" failures="0">
  <properties>
[...]
</properties>
  <testcase name="testRegisterUser_ValidRequestReturns200" classname="com.portal.iam.controller.IamControllerTest" time="2.465">
    <system-out><![CDATA[13:13:10.490 [main] INFO org.springframework.test.context.support.AnnotationConfigContextLoaderUtils -- Could not detect default configuration classes for test class [com.portal.iam.controller.IamControllerTest]: IamControllerTest does not declare any static, non-private, non-final, nested classes annotated with @Configuration.
13:13:10.933 [main] INFO org.springframework.boot.test.context.SpringBootTestContextBootstrapper -- Found @SpringBootConfiguration com.portal.Application for test class com.portal.iam.controller.IamControllerTest

  .   ____          _            __ _ _
 /\\ / ___'_ __ _ _(_)_ __  __ _ \ \ \ \
( ( )\___ | '_ | '_| | '_ \/ _` | \ \ \ \
 \\/  ___)| |_)| | | | | || (_| |  ) ) ) )
  '  |____| .__|_| |_|_| |_\__, | / / / /
 =========|_|==============|___/=/_/_/_/
 :: Spring Boot ::                (v3.2.4)

2026-05-09T13:13:12.572+05:30  WARN 25944 --- [REST_API_User] [           main] ory$DuplicateJsonObjectContextCustomizer : 

Found multiple occurrences of org.json.JSONObject on the class path:

	jar:file:/C:/Users/Admin/.m2/repository/com/vaadin/external/google/android-json/0.0.20131108.vaadin1/android-json-0.0.20131108.vaadin1.jar!/org/json/JSONObject.class
	jar:file:/C:/Users/Admin/.m2/repository/org/json/json/20180130/json-20180130.jar!/org/json/JSONObject.class

You may wish to exclude one of them to ensure predictable runtime behavior

2026-05-09T13:13:12.616+05:30  INFO 25944 --- [REST_API_User] [           main] c.p.iam.controller.IamControllerTest     : Starting IamControllerTest using Java 17.0.16 with PID 25944 (started by Admin in C:\xampp\htdocs\admission\candidate-portal-2025\runtime\AdmissionPortal)
2026-05-09T13:13:12.621+05:30  INFO 25944 --- [REST_API_User] [           main] c.p.iam.controller.IamControllerTest     : The following 1 profile is active: "test"
2026-05-09T13:13:15.181+05:30  INFO 25944 --- [REST_API_User] [           main] .s.d.r.c.RepositoryConfigurationDelegate : Bootstrapping Spring Data JPA repositories in DEFAULT mode.
2026-05-09T13:13:15.505+05:30  INFO 25944 --- [REST_API_User] [           main] .s.d.r.c.RepositoryConfigurationDelegate : Finished Spring Data repository scanning in 288 ms. Found 7 JPA repository interfaces.
2026-05-09T13:13:17.519+05:30  INFO 25944 --- [REST_API_User] [           main] o.hibernate.jpa.internal.util.LogHelper  : HHH000204: Processing PersistenceUnitInfo [name: default]
2026-05-09T13:13:17.779+05:30  INFO 25944 --- [REST_API_User] [           main] org.hibernate.Version                    : HHH000412: Hibernate ORM core version 6.4.4.Final
2026-05-09T13:13:17.935+05:30  INFO 25944 --- [REST_API_User] [           main] o.h.c.internal.RegionFactoryInitiator    : HHH000026: Second-level cache disabled
2026-05-09T13:13:18.863+05:30  INFO 25944 --- [REST_API_User] [           main] o.s.o.j.p.SpringPersistenceUnitInfo      : No LoadTimeWeaver setup: ignoring JPA class transformer
2026-05-09T13:13:18.937+05:30  INFO 25944 --- [REST_API_User] [           main] com.zaxxer.hikari.HikariDataSource       : HikariPool-1 - Starting...
2026-05-09T13:13:19.390+05:30  INFO 25944 --- [REST_API_User] [           main] com.zaxxer.hikari.pool.HikariPool        : HikariPool-1 - Added connection conn0: url=jdbc:h2:mem:testdb user=SA
2026-05-09T13:13:19.394+05:30  INFO 25944 --- [REST_API_User] [           main] com.zaxxer.hikari.HikariDataSource       : HikariPool-1 - Start completed.
2026-05-09T13:13:19.476+05:30  WARN 25944 --- [REST_API_User] [           main] org.hibernate.orm.deprecation            : HHH90000025: H2Dialect does not need to be specified explicitly using 'hibernate.dialect' (remove the property setting and it will be selected by default)
2026-05-09T13:13:21.966+05:30  INFO 25944 --- [REST_API_User] [           main] o.h.e.t.j.p.i.JtaPlatformInitiator       : HHH000489: No JTA platform available (set 'hibernate.transaction.jta.platform' to enable JTA platform integration)
Hibernate: 
    drop table if exists adm_applications cascade 
Hibernate: 
    drop table if exists adm_courses cascade 
Hibernate: 
    drop table if exists iam_users cascade 
Hibernate: 
    drop table if exists notification_logs cascade 
Hibernate: 
    drop table if exists payment_transactions cascade 
Hibernate: 
    drop table if exists profile_candidates cascade 
Hibernate: 
    drop table if exists upload_documents cascade 
Hibernate: 
    create table adm_applications (
        applied_at timestamp(6),
        candidate_user_id bigint not null,
        course_id bigint not null,
        id bigint generated by default as identity,
        updated_at timestamp(6),
        status varchar(30) not null,
        application_number varchar(50) not null unique,
        reviewer_notes TEXT,
        primary key (id)
    )
Hibernate: 
    create table adm_courses (
        application_fee numeric(38,2) not null,
        is_active boolean not null,
        created_at timestamp(6),
        id bigint generated by default as identity,
        updated_at timestamp(6),
        course_code varchar(50) not null unique,
        department varchar(100) not null,
        course_name varchar(150) not null,
        primary key (id)
    )
Hibernate: 
    create table iam_users (
        is_active boolean not null,
        created_at timestamp(6),
        id bigint generated by default as identity,
        updated_at timestamp(6),
        role varchar(20) not null,
        username varchar(50) not null unique,
        email varchar(100) not null unique,
        password_hash varchar(255) not null,
        primary key (id)
    )
Hibernate: 
    create table notification_logs (
        candidate_user_id bigint not null,
        id bigint generated by default as identity,
        sent_at timestamp(6),
        type varchar(10) not null,
        status varchar(20) not null,
        recipient varchar(150) not null,
        message_body TEXT not null,
        subject varchar(255) not null,
        primary key (id)
    )
Hibernate: 
    create table payment_transactions (
        amount numeric(10,2) not null,
        application_id bigint not null,
        candidate_user_id bigint not null,
        created_at timestamp(6),
        id bigint generated by default as identity,
        updated_at timestamp(6),
        currency varchar(10) not null,
        status varchar(30) not null,
        payment_method varchar(50),
        order_id varchar(100) not null unique,
        gateway_reference_id varchar(255),
        primary key (id)
    )
Hibernate: 
    create table profile_candidates (
        date_of_birth date not null,
        created_at timestamp(6),
        id bigint generated by default as identity,
        updated_at timestamp(6),
        user_id bigint not null unique,
        gender varchar(10) not null,
        aadhar_number varchar(12) unique,
        mobile varchar(15) not null,
        category varchar(50),
        first_name varchar(100) not null,
        last_name varchar(100),
        primary key (id)
    )
Hibernate: 
    create table upload_documents (
        candidate_user_id bigint not null,
        id bigint generated by default as identity,
        uploaded_at timestamp(6),
        document_type varchar(50) not null,
        file_extension varchar(50) not null,
        file_url varchar(500) not null,
        primary key (id)
    )
2026-05-09T13:13:22.041+05:30  INFO 25944 --- [REST_API_User] [           main] j.LocalContainerEntityManagerFactoryBean : Initialized JPA EntityManagerFactory for persistence unit 'default'
2026-05-09T13:13:23.586+05:30  WARN 25944 --- [REST_API_User] [           main] JpaBaseConfiguration$JpaWebConfiguration : spring.jpa.open-in-view is enabled by default. Therefore, database queries may be performed during view rendering. Explicitly configure spring.jpa.open-in-view to disable this warning
2026-05-09T13:13:23.643+05:30  WARN 25944 --- [REST_API_User] [           main] .s.s.UserDetailsServiceAutoConfiguration : 

Using generated security password: 9732620e-769f-45ae-8f57-8da57c4f0bba

This generated password is for development use only. Your security configuration must be updated before running your application in production.

2026-05-09T13:13:24.672+05:30  INFO 25944 --- [REST_API_User] [           main] o.s.s.web.DefaultSecurityFilterChain     : Will secure any request with [org.springframework.security.web.session.DisableEncodeUrlFilter@1798c749, org.springframework.security.web.context.request.async.WebAsyncManagerIntegrationFilter@726ee6cf, org.springframework.security.web.context.SecurityContextHolderFilter@2086f336, org.springframework.security.web.header.HeaderWriterFilter@24caa80, org.springframework.web.filter.CorsFilter@4a83d61c, org.springframework.security.web.authentication.logout.LogoutFilter@4b718c45, org.springframework.security.web.savedrequest.RequestCacheAwareFilter@4d50f682, org.springframework.security.web.servletapi.SecurityContextHolderAwareRequestFilter@3445341, org.springframework.security.web.authentication.AnonymousAuthenticationFilter@624268ab, org.springframework.security.web.session.SessionManagementFilter@58ec3e8b, org.springframework.security.web.access.ExceptionTranslationFilter@7c0ecdbf, org.springframework.security.web.access.intercept.AuthorizationFilter@495598c5]
2026-05-09T13:13:25.484+05:30  INFO 25944 --- [REST_API_User] [           main] o.s.b.t.m.w.SpringBootMockServletContext : Initializing Spring TestDispatcherServlet ''
2026-05-09T13:13:25.485+05:30  INFO 25944 --- [REST_API_User] [           main] o.s.t.web.servlet.TestDispatcherServlet  : Initializing Servlet ''
2026-05-09T13:13:25.487+05:30  INFO 25944 --- [REST_API_User] [           main] o.s.t.web.servlet.TestDispatcherServlet  : Completed initialization in 2 ms
2026-05-09T13:13:25.596+05:30  INFO 25944 --- [REST_API_User] [           main] o.s.s.config.TaskSchedulerRouter         : No TaskScheduler/ScheduledExecutorService bean found for scheduled processing
2026-05-09T13:13:25.618+05:30  INFO 25944 --- [REST_API_User] [           main] c.p.iam.controller.IamControllerTest     : Started IamControllerTest in 14.166 seconds (process running for 16.344)
Hibernate: 
    select
        u1_0.id 
    from
        iam_users u1_0 
    where
        u1_0.username=? 
    fetch
        first ? rows only
Hibernate: 
    select
        u1_0.id 
    from
        iam_users u1_0 
    where
        u1_0.email=? 
    fetch
        first ? rows only
Hibernate: 
    insert 
    into
        iam_users
        (created_at, email, is_active, password_hash, role, updated_at, username, id) 
    values
        (?, ?, ?, ?, ?, ?, ?, default)
]]></system-out>
  </testcase>
  <testcase name="testRegisterUser_MissingEmailTriggersGlobalException400" classname="com.portal.iam.controller.IamControllerTest" time="0.037"/>
  <testcase name="testGetStatus_Returns200" classname="com.portal.iam.controller.IamControllerTest" time="0.009"/>
</testsuite>